<?xml version="1.0" encoding="UTF-8"?>
<testsuite xmlns:xsi="http://www.w3.org/2001/XMLSchema-instance" xsi:noNamespaceSchemaLocation="https://maven.apache.org/surefire/maven-surefire-plugin/xsd/surefire-test-report.xsd" name="PersonTest" time="0.001" tests="3" errors="0" skipped="0" failures="0">
  <properties>
    <property name="sonar.projectName" value="FlightBookingSystem"/>
    <property name="java.specification.version" value="17"/>
    <property name="sonar.host.url" value="http://localhost:9000"/>
    <property name="sun.jnu.encoding" value="UTF-8"/>
    <property name="java.class.path" value="/Users/ashiklal/team4/FlightBookingSystem/target/test-classes:/Users/ashiklal/team4/FlightBookingSystem/target/classes:/Users/ashiklal/.m2/repository/org/junit/jupiter/junit-jupiter/5.9.2/junit-jupiter-5.9.2.jar:/Users/ashiklal/.m2/repository/org/junit/jupiter/junit-jupiter-params/5.9.2/junit-jupiter-params-5.9.2.jar:/Users/ashiklal/.m2/repository/org/junit/jupiter/junit-jupiter-engine/5.9.2/junit-jupiter-engine-5.9.2.jar:/Users/ashiklal/.m2/repository/org/junit/platform/junit-platform-engine/1.9.2/junit-platform-engine-1.9.2.jar:/Users/ashiklal/.m2/repository/org/junit/jupiter/junit-jupiter-api/5.9.2/junit-jupiter-api-5.9.2.jar:/Users/ashiklal/.m2/repository/org/opentest4j/opentest4j/1.2.0/opentest4j-1.2.0.jar:/Users/ashiklal/.m2/repository/org/junit/platform/junit-platform-commons/1.9.2/junit-platform-commons-1.9.2.jar:/Users/ashiklal/.m2/repository/org/apiguardian/apiguardian-api/1.1.2/apiguardian-api-1.1.2.jar:/Users/ashiklal/.m2/repository/org/mockito/mockito-core/5.2.0/mockito-core-5.2.0.jar:/Users/ashiklal/.m2/repository/net/bytebuddy/byte-buddy/1.14.1/byte-buddy-1.14.1.jar:/Users/ashiklal/.m2/repository/net/bytebuddy/byte-buddy-agent/1.14.1/byte-buddy-agent-1.14.1.jar:/Users/ashiklal/.m2/repository/org/objenesis/objenesis/3.3/objenesis-3.3.jar:/Users/ashiklal/.m2/repository/junit/junit/4.13.2/junit-4.13.2.jar:/Users/ashiklal/.m2/repository/org/hamcrest/hamcrest-core/1.3/hamcrest-core-1.3.jar:"/>
    <property name="java.vm.vendor" value="JetBrains s.r.o."/>
    <property name="sun.arch.data.model" value="64"/>
    <property name="java.vendor.url" value="https://openjdk.java.net/"/>
    <property name="os.name" value="Mac OS X"/>
    <property name="java.vm.specification.version" value="17"/>
    <property name="sun.java.launcher" value="SUN_STANDARD"/>
    <property name="user.country" value="IN"/>
    <property name="sun.boot.library.path" value="/Users/ashiklal/Library/Java/JavaVirtualMachines/jbr-17.0.6/Contents/Home/lib"/>
    <property name="sun.java.command" value="/Users/ashiklal/team4/FlightBookingSystem/target/surefire/surefirebooter7287674828732324100.jar /Users/ashiklal/team4/FlightBookingSystem/target/surefire 2023-05-21T14-16-40_162-jvmRun1 surefire9754403338236896303tmp surefire_02526467708109763859tmp"/>
    <property name="http.nonProxyHosts" value="local|*.local|169.254/16|*.169.254/16"/>
    <property name="jdk.debug" value="release"/>
    <property name="surefire.test.class.path" value="/Users/ashiklal/team4/FlightBookingSystem/target/test-classes:/Users/ashiklal/team4/FlightBookingSystem/target/classes:/Users/ashiklal/.m2/repository/org/junit/jupiter/junit-jupiter/5.9.2/junit-jupiter-5.9.2.jar:/Users/ashiklal/.m2/repository/org/junit/jupiter/junit-jupiter-params/5.9.2/junit-jupiter-params-5.9.2.jar:/Users/ashiklal/.m2/repository/org/junit/jupiter/junit-jupiter-engine/5.9.2/junit-jupiter-engine-5.9.2.jar:/Users/ashiklal/.m2/repository/org/junit/platform/junit-platform-engine/1.9.2/junit-platform-engine-1.9.2.jar:/Users/ashiklal/.m2/repository/org/junit/jupiter/junit-jupiter-api/5.9.2/junit-jupiter-api-5.9.2.jar:/Users/ashiklal/.m2/repository/org/opentest4j/opentest4j/1.2.0/opentest4j-1.2.0.jar:/Users/ashiklal/.m2/repository/org/junit/platform/junit-platform-commons/1.9.2/junit-platform-commons-1.9.2.jar:/Users/ashiklal/.m2/repository/org/apiguardian/apiguardian-api/1.1.2/apiguardian-api-1.1.2.jar:/Users/ashiklal/.m2/repository/org/mockito/mockito-core/5.2.0/mockito-core-5.2.0.jar:/Users/ashiklal/.m2/repository/net/bytebuddy/byte-buddy/1.14.1/byte-buddy-1.14.1.jar:/Users/ashiklal/.m2/repository/net/bytebuddy/byte-buddy-agent/1.14.1/byte-buddy-agent-1.14.1.jar:/Users/ashiklal/.m2/repository/org/objenesis/objenesis/3.3/objenesis-3.3.jar:/Users/ashiklal/.m2/repository/junit/junit/4.13.2/junit-4.13.2.jar:/Users/ashiklal/.m2/repository/org/hamcrest/hamcrest-core/1.3/hamcrest-core-1.3.jar:"/>
    <property name="sun.cpu.endian" value="little"/>
    <property name="user.home" value="/Users/ashiklal"/>
    <property name="user.language" value="en"/>
    <property name="java.specification.vendor" value="Oracle Corporation"/>
    <property name="java.version.date" value="2023-01-17"/>
    <property name="java.home" value="/Users/ashiklal/Library/Java/JavaVirtualMachines/jbr-17.0.6/Contents/Home"/>
    <property name="file.separator" value="/"/>
    <property name="basedir" value="/Users/ashiklal/team4/FlightBookingSystem"/>
    <property name="java.vm.compressedOopsMode" value="Zero based"/>
    <property name="line.separator" value="&#10;"/>
    <property name="java.vm.specification.vendor" value="Oracle Corporation"/>
    <property name="java.specification.name" value="Java Platform API Specification"/>
    <property name="jbr.virtualization.information" value="No virtualization detected"/>
    <property name="surefire.real.class.path" value="/Users/ashiklal/team4/FlightBookingSystem/target/surefire/surefirebooter7287674828732324100.jar"/>
    <property name="sun.management.compiler" value="HotSpot 64-Bit Tiered Compilers"/>
    <property name="ftp.nonProxyHosts" value="local|*.local|169.254/16|*.169.254/16"/>
    <property name="java.runtime.version" value="17.0.6+10-b829.9"/>
    <property name="user.name" value="ashiklal"/>
    <property name="path.separator" value=":"/>
    <property name="os.version" value="13.3.1"/>
    <property name="java.runtime.name" value="OpenJDK Runtime Environment"/>
    <property name="file.encoding" value="US-ASCII"/>
    <property name="java.vm.name" value="OpenJDK 64-Bit Server VM"/>
    <property name="java.vendor.version" value="JBR-17.0.6+10-829.9-nomod"/>
    <property name="localRepository" value="/Users/ashiklal/.m2/repository"/>
    <property name="java.vendor.url.bug" value="https://bugreport.java.com/bugreport/"/>
    <property name="java.io.tmpdir" value="/var/folders/6m/vjg2wqp91zxgs51n7glsknhc0000gn/T/"/>
    <property name="sonar.token" value="sqp_a70eb097975a9961dc316109ff0fe22bcf88c8c5"/>
    <property name="java.version" value="17.0.6"/>
    <property name="user.dir" value="/Users/ashiklal/team4/FlightBookingSystem"/>
    <property name="os.arch" value="aarch64"/>
    <property name="java.vm.specification.name" value="Java Virtual Machine Specification"/>
    <property name="native.encoding" value="US-ASCII"/>
    <property name="sonar.projectKey" value="FlightBookingSystem"/>
    <property name="java.library.path" value="/Users/ashiklal/Library/Java/Extensions:/Library/Java/Extensions:/Network/Library/Java/Extensions:/System/Library/Java/Extensions:/usr/lib/java:."/>
    <property name="java.vm.info" value="mixed mode"/>
    <property name="java.vendor" value="JetBrains s.r.o."/>
    <property name="java.vm.version" value="17.0.6+10-b829.9"/>
    <property name="sun.io.unicode.encoding" value="UnicodeBig"/>
    <property name="socksNonProxyHosts" value="local|*.local|169.254/16|*.169.254/16"/>
    <property name="java.class.version" value="61.0"/>
  </properties>
  <testcase name="testNames" classname="PersonTest" time="0"/>
  <testcase name="testPersonFields" classname="PersonTest" time="0"/>
  <testcase name="testPersonGender" classname="PersonTest" time="0"/>
</testsuite>